<?xml version="1.0" encoding="UTF-8"?>
<testng-results ignored="0" total="1" passed="1" failed="0" skipped="0">
  <reporter-output>
  </reporter-output>
  <suite started-at="2025-07-28T21:16:51 IST" name="Default suite" finished-at="2025-07-28T21:17:20 IST" duration-ms="29066">
    <groups>
    </groups>
    <test started-at="2025-07-28T21:16:51 IST" name="Default test" finished-at="2025-07-28T21:17:20 IST" duration-ms="29066">
      <class name="com.fis.UIAutomationEbay.AddToCartTest">
        <test-method is-config="true" signature="setupReport()[pri:0, instance:com.fis.UIAutomationEbay.AddToCartTest@6150c3ec]" started-at="2025-07-28T21:16:50 IST" name="setupReport" finished-at="2025-07-28T21:16:51 IST" duration-ms="323" status="PASS">
          <reporter-output>
          </reporter-output>
        </test-method> <!-- setupReport -->
        <test-method is-config="true" signature="setup()[pri:0, instance:com.fis.UIAutomationEbay.AddToCartTest@6150c3ec]" started-at="2025-07-28T21:16:51 IST" name="setup" finished-at="2025-07-28T21:16:52 IST" duration-ms="1764" status="PASS">
          <reporter-output>
          </reporter-output>
        </test-method> <!-- setup -->
        <test-method signature="verifyAddToCart(java.lang.String)[pri:0, instance:com.fis.UIAutomationEbay.AddToCartTest@6150c3ec]" started-at="2025-07-28T21:16:52 IST" name="verifyAddToCart" data-provider="searchItems" finished-at="2025-07-28T21:17:19 IST" duration-ms="26738" status="PASS">
          <params>
            <param index="0">
              <value>
                <![CDATA[book]]>
              </value>
            </param>
          </params>
          <reporter-output>
          </reporter-output>
        </test-method> <!-- verifyAddToCart -->
        <test-method is-config="true" signature="tearDown()[pri:0, instance:com.fis.UIAutomationEbay.AddToCartTest@6150c3ec]" started-at="2025-07-28T21:17:19 IST" name="tearDown" finished-at="2025-07-28T21:17:20 IST" duration-ms="506" status="PASS">
          <reporter-output>
          </reporter-output>
        </test-method> <!-- tearDown -->
        <test-method is-config="true" signature="flushReport()[pri:0, instance:com.fis.UIAutomationEbay.AddToCartTest@6150c3ec]" started-at="2025-07-28T21:17:20 IST" name="flushReport" finished-at="2025-07-28T21:17:20 IST" duration-ms="428" status="PASS">
          <reporter-output>
          </reporter-output>
        </test-method> <!-- flushReport -->
      </class> <!-- com.fis.UIAutomationEbay.AddToCartTest -->
    </test> <!-- Default test -->
  </suite> <!-- Default suite -->
</testng-results>
